<?xml version="1.0" encoding="UTF-8"?>
<!-- Generated by org.testng.reporters.JUnitXMLReporter -->
<testsuite hostname="ltb-ibe1388" ignored="2" name="Test" tests="1" failures="1" timestamp="2020-05-11T00:17:01 IST" time="164.477" errors="0">
  <testcase name="SearchFunctionality" time="129.719" classname="com.App.Amazon.Suite.TestSuite">
    <failure type="org.openqa.selenium.TimeoutException" message="Expected condition failed: waiting for com.App.Amazon.Pages.LoginPage$1@58f07f02 (tried for 120 second(s) with 1000 milliseconds interval)">
      <![CDATA[org.openqa.selenium.TimeoutException: Expected condition failed: waiting for com.App.Amazon.Pages.LoginPage$1@58f07f02 (tried for 120 second(s) with 1000 milliseconds interval)
at org.openqa.selenium.support.ui.FluentWait.timeoutException(FluentWait.java:304)
at org.openqa.selenium.support.ui.FluentWait.until(FluentWait.java:272)
at com.App.Amazon.Pages.LoginPage.EnterEmailOrPhone(LoginPage.java:47)
at com.App.Amazon.Suite.TestSuite.SearchFunctionality(TestSuite.java:31)
at java.util.ArrayList.forEach(ArrayList.java:1257)
Caused by: org.openqa.selenium.NoSuchElementException: An element could not be located on the page using the given search parameters.
For documentation on this error, please visit: https://www.seleniumhq.org/exceptions/no_such_element.html
Build info: version: '3.141.59', revision: 'e82be7d358', time: '2018-11-14T08:17:03'
System info: host: 'LTB-IBE1388', ip: '192.168.43.43', os.name: 'Windows 10', os.arch: 'amd64', os.version: '10.0', java.version: '1.8.0_221'
Driver info: io.appium.java_client.android.AndroidDriver
Capabilities {UDID: ZF6224FQ74, app: C:\Users\satyasree\Download..., appActivity: com.amazon.mShop.splashscre..., appPackage: com.amazon.mShop.android.sh..., databaseEnabled: false, desired: {UDID: ZF6224FQ74, app: C:\Users\satyasree\Download..., appActivity: com.amazon.mShop.splashscre..., appPackage: com.amazon.mShop.android.sh..., deviceName: ZF6224FQ74, full-reset: false, newCommandTimeout: 100000, no: true, no-reset: true, platformName: android, platformVersion: 10}, deviceApiLevel: 29, deviceManufacturer: motorola, deviceModel: motorola one, deviceName: ZF6224FQ74, deviceScreenDensity: 320, deviceScreenSize: 720x1520, deviceUDID: ZF6224FQ74, full-reset: false, javascriptEnabled: true, locationContextEnabled: false, networkConnectionEnabled: true, newCommandTimeout: 100000, no: true, no-reset: true, pixelRatio: 2, platform: LINUX, platformName: Android, platformVersion: 10, statBarHeight: 62, takesScreenshot: true, viewportRect: {height: 1300, left: 0, top: 62, width: 720}, warnings: {}, webStorageEnabled: false}
Session ID: 02dc30c6-3a55-4212-b687-c3b968a9337c
*** Element info: {Using=xpath, value=//android.widget.EditText[contains(@resource-id,'ap_email_login')]}
at org.openqa.selenium.remote.http.W3CHttpResponseCodec.createException(W3CHttpResponseCodec.java:187)
at org.openqa.selenium.remote.http.W3CHttpResponseCodec.decode(W3CHttpResponseCodec.java:122)
at org.openqa.selenium.remote.http.W3CHttpResponseCodec.decode(W3CHttpResponseCodec.java:49)
at org.openqa.selenium.remote.HttpCommandExecutor.execute(HttpCommandExecutor.java:158)
at io.appium.java_client.remote.AppiumCommandExecutor.execute(AppiumCommandExecutor.java:239)
at org.openqa.selenium.remote.RemoteWebDriver.execute(RemoteWebDriver.java:552)
at io.appium.java_client.DefaultGenericMobileDriver.execute(DefaultGenericMobileDriver.java:41)
at io.appium.java_client.AppiumDriver.execute(AppiumDriver.java:1)
at io.appium.java_client.android.AndroidDriver.execute(AndroidDriver.java:1)
at org.openqa.selenium.remote.RemoteWebDriver.findElement(RemoteWebDriver.java:323)
at io.appium.java_client.DefaultGenericMobileDriver.findElement(DefaultGenericMobileDriver.java:61)
at io.appium.java_client.AppiumDriver.findElement(AppiumDriver.java:1)
at io.appium.java_client.android.AndroidDriver.findElement(AndroidDriver.java:1)
at org.openqa.selenium.remote.RemoteWebDriver.findElementByXPath(RemoteWebDriver.java:428)
at io.appium.java_client.DefaultGenericMobileDriver.findElementByXPath(DefaultGenericMobileDriver.java:151)
at io.appium.java_client.AppiumDriver.findElementByXPath(AppiumDriver.java:1)
at io.appium.java_client.android.AndroidDriver.findElementByXPath(AndroidDriver.java:1)
at org.openqa.selenium.By$ByXPath.findElement(By.java:353)
at org.openqa.selenium.remote.RemoteWebDriver.findElement(RemoteWebDriver.java:315)
at io.appium.java_client.DefaultGenericMobileDriver.findElement(DefaultGenericMobileDriver.java:57)
at io.appium.java_client.AppiumDriver.findElement(AppiumDriver.java:1)
at io.appium.java_client.android.AndroidDriver.findElement(AndroidDriver.java:1)
at com.App.Amazon.Pages.LoginPage$1.apply(LoginPage.java:50)
at com.App.Amazon.Pages.LoginPage$1.apply(LoginPage.java:1)
at org.openqa.selenium.support.ui.FluentWait.until(FluentWait.java:249)
... 30 more
... Removed 31 stack frames]]>
    </failure>
  </testcase> <!-- SearchFunctionality -->
  <testcase name="@BeforeTest MagicStudio" time="0.0" classname="com.App.Amazon.Base.BaseDriver">
    <ignored/>
  </testcase> <!-- @BeforeTest MagicStudio -->
  <testcase name="@AfterTest tearDown" time="0.0" classname="com.App.Amazon.Base.BaseDriver">
    <ignored/>
  </testcase> <!-- @AfterTest tearDown -->
</testsuite> <!-- Test -->
