<?xml version="1.0" encoding="UTF-8"?>
<testng-results skipped="0" failed="0" ignored="0" total="1" passed="1">
  <reporter-output>
  </reporter-output>
  <suite name="Default suite" duration-ms="142456" started-at="2020-05-21T22:25:04 IST" finished-at="2020-05-21T22:27:26 IST">
    <groups>
    </groups>
    <test name="Default test" duration-ms="142456" started-at="2020-05-21T22:25:04 IST" finished-at="2020-05-21T22:27:26 IST">
      <class name="com.App.HealthifyMe.Suite.TestSuite">
        <test-method status="PASS" signature="Base()[pri:0, instance:com.App.HealthifyMe.Suite.TestSuite@11758f2a]" name="Base" is-config="true" duration-ms="16464" started-at="2020-05-21T22:25:04 IST" finished-at="2020-05-21T22:25:20 IST">
          <reporter-output>
          </reporter-output>
        </test-method> <!-- Base -->
        <test-method status="PASS" signature="Healthify_WorkoutOperation()[pri:0, instance:com.App.HealthifyMe.Suite.TestSuite@11758f2a]" name="Healthify_WorkoutOperation" duration-ms="125967" started-at="2020-05-21T22:25:20 IST" finished-at="2020-05-21T22:27:26 IST">
          <reporter-output>
          </reporter-output>
        </test-method> <!-- Healthify_WorkoutOperation -->
        <test-method status="PASS" signature="tearDown()[pri:0, instance:com.App.HealthifyMe.Suite.TestSuite@11758f2a]" name="tearDown" is-config="true" duration-ms="719" started-at="2020-05-21T22:27:26 IST" finished-at="2020-05-21T22:27:27 IST">
          <reporter-output>
          </reporter-output>
        </test-method> <!-- tearDown -->
      </class> <!-- com.App.HealthifyMe.Suite.TestSuite -->
    </test> <!-- Default test -->
  </suite> <!-- Default suite -->
</testng-results>
